<?xml version="1.0" encoding="UTF-8"?>
<testsuite xmlns:xsi="http://www.w3.org/2001/XMLSchema-instance" xsi:noNamespaceSchemaLocation="https://maven.apache.org/surefire/maven-surefire-plugin/xsd/surefire-test-report-3.0.xsd" version="3.0" name="org.example.parkautoback.ParkautoBackApplicationTests" time="4.897" tests="1" errors="0" skipped="0" failures="0">
  <properties>
[...]
</properties>
  <testcase name="contextLoads" classname="org.example.parkautoback.ParkautoBackApplicationTests" time="0.455">
    <system-out><![CDATA[20:27:11.958 [main] INFO org.springframework.test.context.support.AnnotationConfigContextLoaderUtils -- Could not detect default configuration classes for test class [org.example.parkautoback.ParkautoBackApplicationTests]: ParkautoBackApplicationTests does not declare any static, non-private, non-final, nested classes annotated with @Configuration.
20:27:12.055 [main] INFO org.springframework.boot.test.context.SpringBootTestContextBootstrapper -- Found @SpringBootConfiguration org.example.parkautoback.ParkautoBackApplication for test class org.example.parkautoback.ParkautoBackApplicationTests

  .   ____          _            __ _ _
 /\\ / ___'_ __ _ _(_)_ __  __ _ \ \ \ \
( ( )\___ | '_ | '_| | '_ \/ _` | \ \ \ \
 \\/  ___)| |_)| | | | | || (_| |  ) ) ) )
  '  |____| .__|_| |_|_| |_\__, | / / / /
 =========|_|==============|___/=/_/_/_/

 :: Spring Boot ::                (v3.3.1)

2024-07-16T20:27:12.385+01:00  INFO 11552 --- [parkauto-back] [           main] o.e.p.ParkautoBackApplicationTests       : Starting ParkautoBackApplicationTests using Java 20.0.2 with PID 11552 (started by safio in C:\Users\safio\Desktop\parkauto-back)
2024-07-16T20:27:12.386+01:00  INFO 11552 --- [parkauto-back] [           main] o.e.p.ParkautoBackApplicationTests       : No active profile set, falling back to 1 default profile: "default"
2024-07-16T20:27:12.921+01:00  INFO 11552 --- [parkauto-back] [           main] .s.d.r.c.RepositoryConfigurationDelegate : Bootstrapping Spring Data JPA repositories in DEFAULT mode.
2024-07-16T20:27:12.996+01:00  INFO 11552 --- [parkauto-back] [           main] .s.d.r.c.RepositoryConfigurationDelegate : Finished Spring Data repository scanning in 67 ms. Found 15 JPA repository interfaces.
2024-07-16T20:27:13.779+01:00  INFO 11552 --- [parkauto-back] [           main] o.hibernate.jpa.internal.util.LogHelper  : HHH000204: Processing PersistenceUnitInfo [name: default]
2024-07-16T20:27:13.829+01:00  INFO 11552 --- [parkauto-back] [           main] org.hibernate.Version                    : HHH000412: Hibernate ORM core version 6.5.2.Final
2024-07-16T20:27:13.859+01:00  INFO 11552 --- [parkauto-back] [           main] o.h.c.internal.RegionFactoryInitiator    : HHH000026: Second-level cache disabled
2024-07-16T20:27:14.168+01:00  INFO 11552 --- [parkauto-back] [           main] o.s.o.j.p.SpringPersistenceUnitInfo      : No LoadTimeWeaver setup: ignoring JPA class transformer
2024-07-16T20:27:15.195+01:00  INFO 11552 --- [parkauto-back] [           main] o.h.e.t.j.p.i.JtaPlatformInitiator       : HHH000489: No JTA platform available (set 'hibernate.transaction.jta.platform' to enable JTA platform integration)
2024-07-16T20:27:15.198+01:00  INFO 11552 --- [parkauto-back] [           main] j.LocalContainerEntityManagerFactoryBean : Initialized JPA EntityManagerFactory for persistence unit 'default'
2024-07-16T20:27:16.217+01:00  INFO 11552 --- [parkauto-back] [           main] o.e.p.ParkautoBackApplicationTests       : Started ParkautoBackApplicationTests in 4.031 seconds (process running for 4.969)
]]></system-out>
  </testcase>
</testsuite>